  HandlePhieuMuon.cpp
C:\Users\tle297\OneDrive - DXC Production\Desktop\QLTV\QLTV\HandleDocGia.h(157,10): warning C4566: character represented by universal-character-name '\u1EDB' cannot be represented in the current code page (1252)
  (compiling source file 'HandlePhieuMuon.cpp')
  
C:\Users\tle297\OneDrive - DXC Production\Desktop\QLTV\QLTV\HandleDocGia.h(164,10): warning C4477: 'scanf_s' : format string '%[^\n]' requires an argument of type 'unsigned int', but variadic argument 2 has type 'size_t'
  (compiling source file 'HandlePhieuMuon.cpp')
  C:\Users\tle297\OneDrive - DXC Production\Desktop\QLTV\QLTV\HandleDocGia.h(164,10):
  this argument is used as a buffer size
  
C:\Users\tle297\OneDrive - DXC Production\Desktop\QLTV\QLTV\HandleDocGia.h(169,10): warning C4477: 'scanf_s' : format string '%[^\n]' requires an argument of type 'unsigned int', but variadic argument 2 has type 'size_t'
  (compiling source file 'HandlePhieuMuon.cpp')
  C:\Users\tle297\OneDrive - DXC Production\Desktop\QLTV\QLTV\HandleDocGia.h(169,10):
  this argument is used as a buffer size
  
C:\Users\tle297\OneDrive - DXC Production\Desktop\QLTV\QLTV\HandleDocGia.h(184,10): warning C4477: 'scanf_s' : format string '%[^\n]' requires an argument of type 'unsigned int', but variadic argument 2 has type 'size_t'
  (compiling source file 'HandlePhieuMuon.cpp')
  C:\Users\tle297\OneDrive - DXC Production\Desktop\QLTV\QLTV\HandleDocGia.h(184,10):
  this argument is used as a buffer size
  
C:\Users\tle297\OneDrive - DXC Production\Desktop\QLTV\QLTV\HandleDocGia.h(189,10): warning C4477: 'scanf_s' : format string '%[^\n]' requires an argument of type 'unsigned int', but variadic argument 2 has type 'size_t'
  (compiling source file 'HandlePhieuMuon.cpp')
  C:\Users\tle297\OneDrive - DXC Production\Desktop\QLTV\QLTV\HandleDocGia.h(189,10):
  this argument is used as a buffer size
  
C:\Users\tle297\OneDrive - DXC Production\Desktop\QLTV\QLTV\HandleDocGia.h(194,10): warning C4477: 'scanf_s' : format string '%[^\n]' requires an argument of type 'unsigned int', but variadic argument 2 has type 'size_t'
  (compiling source file 'HandlePhieuMuon.cpp')
  C:\Users\tle297\OneDrive - DXC Production\Desktop\QLTV\QLTV\HandleDocGia.h(194,10):
  this argument is used as a buffer size
  
C:\Users\tle297\OneDrive - DXC Production\Desktop\QLTV\QLTV\HandlePhieuMuon.h(72,40): warning C4474: 'printf' : too many arguments passed for format string
  (compiling source file 'HandlePhieuMuon.cpp')
  C:\Users\tle297\OneDrive - DXC Production\Desktop\QLTV\QLTV\HandlePhieuMuon.h(72,40):
  placeholders and their parameters expect 0 variadic arguments, but 1 were provided
  
  QLTV.cpp
C:\Users\tle297\OneDrive - DXC Production\Desktop\QLTV\QLTV\HandleBook.h(92,10): warning C4477: 'scanf_s' : format string '%[^\n]' requires an argument of type 'unsigned int', but variadic argument 2 has type 'size_t'
  (compiling source file 'QLTV.cpp')
  C:\Users\tle297\OneDrive - DXC Production\Desktop\QLTV\QLTV\HandleBook.h(92,10):
  this argument is used as a buffer size
  
C:\Users\tle297\OneDrive - DXC Production\Desktop\QLTV\QLTV\HandleBook.h(97,10): warning C4477: 'scanf_s' : format string '%[^\n]' requires an argument of type 'unsigned int', but variadic argument 2 has type 'size_t'
  (compiling source file 'QLTV.cpp')
  C:\Users\tle297\OneDrive - DXC Production\Desktop\QLTV\QLTV\HandleBook.h(97,10):
  this argument is used as a buffer size
  
C:\Users\tle297\OneDrive - DXC Production\Desktop\QLTV\QLTV\HandleBook.h(102,10): warning C4477: 'scanf_s' : format string '%[^\n]' requires an argument of type 'unsigned int', but variadic argument 2 has type 'size_t'
  (compiling source file 'QLTV.cpp')
  C:\Users\tle297\OneDrive - DXC Production\Desktop\QLTV\QLTV\HandleBook.h(102,10):
  this argument is used as a buffer size
  
C:\Users\tle297\OneDrive - DXC Production\Desktop\QLTV\QLTV\HandleBook.h(119,10): warning C4477: 'scanf_s' : format string '%[^\n]' requires an argument of type 'unsigned int', but variadic argument 2 has type 'size_t'
  (compiling source file 'QLTV.cpp')
  C:\Users\tle297\OneDrive - DXC Production\Desktop\QLTV\QLTV\HandleBook.h(119,10):
  this argument is used as a buffer size
  
C:\Users\tle297\OneDrive - DXC Production\Desktop\QLTV\QLTV\HandleDocGia.h(157,10): warning C4566: character represented by universal-character-name '\u1EDB' cannot be represented in the current code page (1252)
  (compiling source file 'QLTV.cpp')
  
C:\Users\tle297\OneDrive - DXC Production\Desktop\QLTV\QLTV\HandleDocGia.h(164,10): warning C4477: 'scanf_s' : format string '%[^\n]' requires an argument of type 'unsigned int', but variadic argument 2 has type 'size_t'
  (compiling source file 'QLTV.cpp')
  C:\Users\tle297\OneDrive - DXC Production\Desktop\QLTV\QLTV\HandleDocGia.h(164,10):
  this argument is used as a buffer size
  
C:\Users\tle297\OneDrive - DXC Production\Desktop\QLTV\QLTV\HandleDocGia.h(169,10): warning C4477: 'scanf_s' : format string '%[^\n]' requires an argument of type 'unsigned int', but variadic argument 2 has type 'size_t'
  (compiling source file 'QLTV.cpp')
  C:\Users\tle297\OneDrive - DXC Production\Desktop\QLTV\QLTV\HandleDocGia.h(169,10):
  this argument is used as a buffer size
  
C:\Users\tle297\OneDrive - DXC Production\Desktop\QLTV\QLTV\HandleDocGia.h(184,10): warning C4477: 'scanf_s' : format string '%[^\n]' requires an argument of type 'unsigned int', but variadic argument 2 has type 'size_t'
  (compiling source file 'QLTV.cpp')
  C:\Users\tle297\OneDrive - DXC Production\Desktop\QLTV\QLTV\HandleDocGia.h(184,10):
  this argument is used as a buffer size
  
C:\Users\tle297\OneDrive - DXC Production\Desktop\QLTV\QLTV\HandleDocGia.h(189,10): warning C4477: 'scanf_s' : format string '%[^\n]' requires an argument of type 'unsigned int', but variadic argument 2 has type 'size_t'
  (compiling source file 'QLTV.cpp')
  C:\Users\tle297\OneDrive - DXC Production\Desktop\QLTV\QLTV\HandleDocGia.h(189,10):
  this argument is used as a buffer size
  
C:\Users\tle297\OneDrive - DXC Production\Desktop\QLTV\QLTV\HandleDocGia.h(194,10): warning C4477: 'scanf_s' : format string '%[^\n]' requires an argument of type 'unsigned int', but variadic argument 2 has type 'size_t'
  (compiling source file 'QLTV.cpp')
  C:\Users\tle297\OneDrive - DXC Production\Desktop\QLTV\QLTV\HandleDocGia.h(194,10):
  this argument is used as a buffer size
  
C:\Users\tle297\OneDrive - DXC Production\Desktop\QLTV\QLTV\HandlePhieuMuon.h(72,40): warning C4474: 'printf' : too many arguments passed for format string
  (compiling source file 'QLTV.cpp')
  C:\Users\tle297\OneDrive - DXC Production\Desktop\QLTV\QLTV\HandlePhieuMuon.h(72,40):
  placeholders and their parameters expect 0 variadic arguments, but 1 were provided
  
C:\Users\tle297\OneDrive - DXC Production\Desktop\QLTV\QLTV\QLTV.cpp(110,13): warning C4477: 'scanf_s' : format string '%[^\n]' requires an argument of type 'unsigned int', but variadic argument 2 has type 'size_t'
  C:\Users\tle297\OneDrive - DXC Production\Desktop\QLTV\QLTV\QLTV.cpp(110,13):
  this argument is used as a buffer size
  
C:\Users\tle297\OneDrive - DXC Production\Desktop\QLTV\QLTV\QLTV.cpp(115,13): warning C4477: 'scanf_s' : format string '%[^\n]' requires an argument of type 'unsigned int', but variadic argument 2 has type 'size_t'
  C:\Users\tle297\OneDrive - DXC Production\Desktop\QLTV\QLTV\QLTV.cpp(115,13):
  this argument is used as a buffer size
  
C:\Users\tle297\OneDrive - DXC Production\Desktop\QLTV\QLTV\QLTV.cpp(120,13): warning C4477: 'scanf_s' : format string '%[^\n]' requires an argument of type 'unsigned int', but variadic argument 2 has type 'size_t'
  C:\Users\tle297\OneDrive - DXC Production\Desktop\QLTV\QLTV\QLTV.cpp(120,13):
  this argument is used as a buffer size
  
C:\Users\tle297\OneDrive - DXC Production\Desktop\QLTV\QLTV\QLTV.cpp(137,13): warning C4477: 'scanf_s' : format string '%[^\n]' requires an argument of type 'unsigned int', but variadic argument 2 has type 'size_t'
  C:\Users\tle297\OneDrive - DXC Production\Desktop\QLTV\QLTV\QLTV.cpp(137,13):
  this argument is used as a buffer size
  
C:\Users\tle297\OneDrive - DXC Production\Desktop\QLTV\QLTV\QLTV.cpp(184,13): warning C4566: character represented by universal-character-name '\u25D8' cannot be represented in the current code page (1252)
C:\Users\tle297\OneDrive - DXC Production\Desktop\QLTV\QLTV\QLTV.cpp(206,13): warning C4566: character represented by universal-character-name '\u25D8' cannot be represented in the current code page (1252)
C:\Users\tle297\OneDrive - DXC Production\Desktop\QLTV\QLTV\QLTV.cpp(270,13): warning C4477: 'scanf_s' : format string '%[^\n]' requires an argument of type 'unsigned int', but variadic argument 2 has type 'size_t'
  C:\Users\tle297\OneDrive - DXC Production\Desktop\QLTV\QLTV\QLTV.cpp(270,13):
  this argument is used as a buffer size
  
C:\Users\tle297\OneDrive - DXC Production\Desktop\QLTV\QLTV\QLTV.cpp(275,13): warning C4477: 'scanf_s' : format string '%[^\n]' requires an argument of type 'unsigned int', but variadic argument 2 has type 'size_t'
  C:\Users\tle297\OneDrive - DXC Production\Desktop\QLTV\QLTV\QLTV.cpp(275,13):
  this argument is used as a buffer size
  
C:\Users\tle297\OneDrive - DXC Production\Desktop\QLTV\QLTV\QLTV.cpp(290,13): warning C4477: 'scanf_s' : format string '%[^\n]' requires an argument of type 'unsigned int', but variadic argument 2 has type 'size_t'
  C:\Users\tle297\OneDrive - DXC Production\Desktop\QLTV\QLTV\QLTV.cpp(290,13):
  this argument is used as a buffer size
  
C:\Users\tle297\OneDrive - DXC Production\Desktop\QLTV\QLTV\QLTV.cpp(295,13): warning C4477: 'scanf_s' : format string '%[^\n]' requires an argument of type 'unsigned int', but variadic argument 2 has type 'size_t'
  C:\Users\tle297\OneDrive - DXC Production\Desktop\QLTV\QLTV\QLTV.cpp(295,13):
  this argument is used as a buffer size
  
C:\Users\tle297\OneDrive - DXC Production\Desktop\QLTV\QLTV\QLTV.cpp(300,13): warning C4477: 'scanf_s' : format string '%[^\n]' requires an argument of type 'unsigned int', but variadic argument 2 has type 'size_t'
  C:\Users\tle297\OneDrive - DXC Production\Desktop\QLTV\QLTV\QLTV.cpp(300,13):
  this argument is used as a buffer size
  
C:\Users\tle297\OneDrive - DXC Production\Desktop\QLTV\QLTV\QLTV.cpp(348,13): warning C4477: 'scanf_s' : format string '%[^\n]' requires an argument of type 'unsigned int', but variadic argument 2 has type 'size_t'
  C:\Users\tle297\OneDrive - DXC Production\Desktop\QLTV\QLTV\QLTV.cpp(348,13):
  this argument is used as a buffer size
  
C:\Users\tle297\OneDrive - DXC Production\Desktop\QLTV\QLTV\QLTV.cpp(357,13): warning C4477: 'printf' : format string '%d' requires an argument of type 'int', but variadic argument 1 has type 'char *'
C:\Users\tle297\OneDrive - DXC Production\Desktop\QLTV\QLTV\QLTV.cpp(357,13): warning C4313: 'printf': '%d' in format string conflicts with argument 1 of type 'char *'
C:\Users\tle297\OneDrive - DXC Production\Desktop\QLTV\QLTV\QLTV.cpp(456,13): warning C4477: 'scanf_s' : format string '%[^\n]' requires an argument of type 'unsigned int', but variadic argument 2 has type 'size_t'
  C:\Users\tle297\OneDrive - DXC Production\Desktop\QLTV\QLTV\QLTV.cpp(456,13):
  this argument is used as a buffer size
  
C:\Users\tle297\OneDrive - DXC Production\Desktop\QLTV\QLTV\QLTV.cpp(481,13): warning C4477: 'scanf_s' : format string '%[^\n]' requires an argument of type 'unsigned int', but variadic argument 2 has type 'size_t'
  C:\Users\tle297\OneDrive - DXC Production\Desktop\QLTV\QLTV\QLTV.cpp(481,13):
  this argument is used as a buffer size
  
C:\Users\tle297\OneDrive - DXC Production\Desktop\QLTV\QLTV\QLTV.cpp(397,3): warning C4102: 'Lapphieumuon': unreferenced label
C:\Users\tle297\OneDrive - DXC Production\Desktop\QLTV\QLTV\QLTV.cpp(40,6): warning C4101: 'givebackRecordReaderIds': unreferenced local variable
  Generating Code...
  QLTV.vcxproj -> C:\Users\tle297\OneDrive - DXC Production\Desktop\QLTV\x64\Debug\QLTV.exe
