  QLTVS.cpp
C:\Users\tle297\OneDrive - DXC Production\Desktop\QLTV\QLTVS\HandleBook.h(126,10): warning C4477: 'scanf_s' : format string '%[^\n]' requires an argument of type 'unsigned int', but variadic argument 2 has type 'size_t'
  (compiling source file 'QLTVS.cpp')
  C:\Users\tle297\OneDrive - DXC Production\Desktop\QLTV\QLTVS\HandleBook.h(126,10):
  this argument is used as a buffer size
  
C:\Users\tle297\OneDrive - DXC Production\Desktop\QLTV\QLTVS\HandleBook.h(130,10): warning C4477: 'scanf_s' : format string '%[^\n]' requires an argument of type 'unsigned int', but variadic argument 2 has type 'size_t'
  (compiling source file 'QLTVS.cpp')
  C:\Users\tle297\OneDrive - DXC Production\Desktop\QLTV\QLTVS\HandleBook.h(130,10):
  this argument is used as a buffer size
  
C:\Users\tle297\OneDrive - DXC Production\Desktop\QLTV\QLTVS\HandleBook.h(133,10): warning C4477: 'scanf_s' : format string '%[^\n]' requires an argument of type 'unsigned int', but variadic argument 2 has type 'size_t'
  (compiling source file 'QLTVS.cpp')
  C:\Users\tle297\OneDrive - DXC Production\Desktop\QLTV\QLTVS\HandleBook.h(133,10):
  this argument is used as a buffer size
  
C:\Users\tle297\OneDrive - DXC Production\Desktop\QLTV\QLTVS\HandleBook.h(138,10): warning C4477: 'scanf_s' : format string '%[^\n]' requires an argument of type 'unsigned int', but variadic argument 2 has type 'size_t'
  (compiling source file 'QLTVS.cpp')
  C:\Users\tle297\OneDrive - DXC Production\Desktop\QLTV\QLTVS\HandleBook.h(138,10):
  this argument is used as a buffer size
  
C:\Users\tle297\OneDrive - DXC Production\Desktop\QLTV\QLTVS\HandleBook.h(179,10): warning C4477: 'scanf_s' : format string '%[^\n]' requires an argument of type 'unsigned int', but variadic argument 2 has type 'size_t'
  (compiling source file 'QLTVS.cpp')
  C:\Users\tle297\OneDrive - DXC Production\Desktop\QLTV\QLTVS\HandleBook.h(179,10):
  this argument is used as a buffer size
  
C:\Users\tle297\OneDrive - DXC Production\Desktop\QLTV\QLTVS\HandleBook.h(182,10): warning C4477: 'scanf_s' : format string '%[^\n]' requires an argument of type 'unsigned int', but variadic argument 2 has type 'size_t'
  (compiling source file 'QLTVS.cpp')
  C:\Users\tle297\OneDrive - DXC Production\Desktop\QLTV\QLTVS\HandleBook.h(182,10):
  this argument is used as a buffer size
  
C:\Users\tle297\OneDrive - DXC Production\Desktop\QLTV\QLTVS\HandleBook.h(186,10): warning C4477: 'scanf_s' : format string '%[^\n]' requires an argument of type 'unsigned int', but variadic argument 2 has type 'size_t'
  (compiling source file 'QLTVS.cpp')
  C:\Users\tle297\OneDrive - DXC Production\Desktop\QLTV\QLTVS\HandleBook.h(186,10):
  this argument is used as a buffer size
  
C:\Users\tle297\OneDrive - DXC Production\Desktop\QLTV\QLTVS\HandleBook.h(191,10): warning C4477: 'scanf_s' : format string '%[^\n]' requires an argument of type 'unsigned int', but variadic argument 2 has type 'size_t'
  (compiling source file 'QLTVS.cpp')
  C:\Users\tle297\OneDrive - DXC Production\Desktop\QLTV\QLTVS\HandleBook.h(191,10):
  this argument is used as a buffer size
  
C:\Users\tle297\OneDrive - DXC Production\Desktop\QLTV\QLTVS\HandleDocGia.h(190,45): warning C4474: 'printf' : too many arguments passed for format string
  (compiling source file 'QLTVS.cpp')
  C:\Users\tle297\OneDrive - DXC Production\Desktop\QLTV\QLTVS\HandleDocGia.h(190,45):
  placeholders and their parameters expect 0 variadic arguments, but 1 were provided
  
C:\Users\tle297\OneDrive - DXC Production\Desktop\QLTV\QLTVS\HandleDocGia.h(197,10): warning C4477: 'scanf_s' : format string '%[^\n]' requires an argument of type 'unsigned int', but variadic argument 2 has type 'size_t'
  (compiling source file 'QLTVS.cpp')
  C:\Users\tle297\OneDrive - DXC Production\Desktop\QLTV\QLTVS\HandleDocGia.h(197,10):
  this argument is used as a buffer size
  
C:\Users\tle297\OneDrive - DXC Production\Desktop\QLTV\QLTVS\HandleDocGia.h(201,10): warning C4477: 'scanf_s' : format string '%[^\n]' requires an argument of type 'unsigned int', but variadic argument 2 has type 'size_t'
  (compiling source file 'QLTVS.cpp')
  C:\Users\tle297\OneDrive - DXC Production\Desktop\QLTV\QLTVS\HandleDocGia.h(201,10):
  this argument is used as a buffer size
  
C:\Users\tle297\OneDrive - DXC Production\Desktop\QLTV\QLTVS\HandleDocGia.h(214,10): warning C4477: 'scanf_s' : format string '%[^\n]' requires an argument of type 'unsigned int', but variadic argument 2 has type 'size_t'
  (compiling source file 'QLTVS.cpp')
  C:\Users\tle297\OneDrive - DXC Production\Desktop\QLTV\QLTVS\HandleDocGia.h(214,10):
  this argument is used as a buffer size
  
C:\Users\tle297\OneDrive - DXC Production\Desktop\QLTV\QLTVS\HandleDocGia.h(218,10): warning C4477: 'scanf_s' : format string '%[^\n]' requires an argument of type 'unsigned int', but variadic argument 2 has type 'size_t'
  (compiling source file 'QLTVS.cpp')
  C:\Users\tle297\OneDrive - DXC Production\Desktop\QLTV\QLTVS\HandleDocGia.h(218,10):
  this argument is used as a buffer size
  
C:\Users\tle297\OneDrive - DXC Production\Desktop\QLTV\QLTVS\HandleDocGia.h(222,10): warning C4477: 'scanf_s' : format string '%[^\n]' requires an argument of type 'unsigned int', but variadic argument 2 has type 'size_t'
  (compiling source file 'QLTVS.cpp')
  C:\Users\tle297\OneDrive - DXC Production\Desktop\QLTV\QLTVS\HandleDocGia.h(222,10):
  this argument is used as a buffer size
  
C:\Users\tle297\OneDrive - DXC Production\Desktop\QLTV\QLTVS\HandleDocGia.h(280,10): warning C4477: 'scanf_s' : format string '%[^\n]' requires an argument of type 'unsigned int', but variadic argument 2 has type 'size_t'
  (compiling source file 'QLTVS.cpp')
  C:\Users\tle297\OneDrive - DXC Production\Desktop\QLTV\QLTVS\HandleDocGia.h(280,10):
  this argument is used as a buffer size
  
C:\Users\tle297\OneDrive - DXC Production\Desktop\QLTV\QLTVS\HandleDocGia.h(284,10): warning C4477: 'scanf_s' : format string '%[^\n]' requires an argument of type 'unsigned int', but variadic argument 2 has type 'size_t'
  (compiling source file 'QLTVS.cpp')
  C:\Users\tle297\OneDrive - DXC Production\Desktop\QLTV\QLTVS\HandleDocGia.h(284,10):
  this argument is used as a buffer size
  
C:\Users\tle297\OneDrive - DXC Production\Desktop\QLTV\QLTVS\HandleDocGia.h(297,10): warning C4477: 'scanf_s' : format string '%[^\n]' requires an argument of type 'unsigned int', but variadic argument 2 has type 'size_t'
  (compiling source file 'QLTVS.cpp')
  C:\Users\tle297\OneDrive - DXC Production\Desktop\QLTV\QLTVS\HandleDocGia.h(297,10):
  this argument is used as a buffer size
  
C:\Users\tle297\OneDrive - DXC Production\Desktop\QLTV\QLTVS\HandleDocGia.h(301,10): warning C4477: 'scanf_s' : format string '%[^\n]' requires an argument of type 'unsigned int', but variadic argument 2 has type 'size_t'
  (compiling source file 'QLTVS.cpp')
  C:\Users\tle297\OneDrive - DXC Production\Desktop\QLTV\QLTVS\HandleDocGia.h(301,10):
  this argument is used as a buffer size
  
C:\Users\tle297\OneDrive - DXC Production\Desktop\QLTV\QLTVS\HandleDocGia.h(305,10): warning C4477: 'scanf_s' : format string '%[^\n]' requires an argument of type 'unsigned int', but variadic argument 2 has type 'size_t'
  (compiling source file 'QLTVS.cpp')
  C:\Users\tle297\OneDrive - DXC Production\Desktop\QLTV\QLTVS\HandleDocGia.h(305,10):
  this argument is used as a buffer size
  
C:\Users\tle297\OneDrive - DXC Production\Desktop\QLTV\QLTVS\HandlePhieuMuon.h(107,40): warning C4474: 'printf' : too many arguments passed for format string
  (compiling source file 'QLTVS.cpp')
  C:\Users\tle297\OneDrive - DXC Production\Desktop\QLTV\QLTVS\HandlePhieuMuon.h(107,40):
  placeholders and their parameters expect 0 variadic arguments, but 1 were provided
  
C:\Users\tle297\OneDrive - DXC Production\Desktop\QLTV\QLTVS\HandlePhieuMuon.h(151,47): warning C4474: 'printf' : too many arguments passed for format string
  (compiling source file 'QLTVS.cpp')
  C:\Users\tle297\OneDrive - DXC Production\Desktop\QLTV\QLTVS\HandlePhieuMuon.h(151,47):
  placeholders and their parameters expect 0 variadic arguments, but 1 were provided
  
C:\Users\tle297\OneDrive - DXC Production\Desktop\QLTV\QLTVS\HandlePhieuMuon.h(154,40): warning C4474: 'printf' : too many arguments passed for format string
  (compiling source file 'QLTVS.cpp')
  C:\Users\tle297\OneDrive - DXC Production\Desktop\QLTV\QLTVS\HandlePhieuMuon.h(154,40):
  placeholders and their parameters expect 0 variadic arguments, but 1 were provided
  
C:\Users\tle297\OneDrive - DXC Production\Desktop\QLTV\QLTVS\HandleLoadFile.h(16,53): warning C4477: 'fscanf_s' : format string '%[^|]' requires an argument of type 'unsigned int', but variadic argument 3 has type 'size_t'
  (compiling source file 'QLTVS.cpp')
  C:\Users\tle297\OneDrive - DXC Production\Desktop\QLTV\QLTVS\HandleLoadFile.h(16,53):
  this argument is used as a buffer size
  
C:\Users\tle297\OneDrive - DXC Production\Desktop\QLTV\QLTVS\HandleLoadFile.h(16,53): warning C4477: 'fscanf_s' : format string '%[^|]' requires an argument of type 'unsigned int', but variadic argument 5 has type 'size_t'
  (compiling source file 'QLTVS.cpp')
  C:\Users\tle297\OneDrive - DXC Production\Desktop\QLTV\QLTVS\HandleLoadFile.h(16,53):
  this argument is used as a buffer size
  
C:\Users\tle297\OneDrive - DXC Production\Desktop\QLTV\QLTVS\HandleLoadFile.h(16,53): warning C4477: 'fscanf_s' : format string '%[^|]' requires an argument of type 'unsigned int', but variadic argument 7 has type 'size_t'
  (compiling source file 'QLTVS.cpp')
  C:\Users\tle297\OneDrive - DXC Production\Desktop\QLTV\QLTVS\HandleLoadFile.h(16,53):
  this argument is used as a buffer size
  
C:\Users\tle297\OneDrive - DXC Production\Desktop\QLTV\QLTVS\HandleLoadFile.h(16,53): warning C4477: 'fscanf_s' : format string '%[^|]' requires an argument of type 'unsigned int', but variadic argument 10 has type 'size_t'
  (compiling source file 'QLTVS.cpp')
  C:\Users\tle297\OneDrive - DXC Production\Desktop\QLTV\QLTVS\HandleLoadFile.h(16,53):
  this argument is used as a buffer size
  
C:\Users\tle297\OneDrive - DXC Production\Desktop\QLTV\QLTVS\HandleLoadFile.h(36,58): warning C4477: 'fscanf_s' : format string '%[^|]' requires an argument of type 'unsigned int', but variadic argument 3 has type 'size_t'
  (compiling source file 'QLTVS.cpp')
  C:\Users\tle297\OneDrive - DXC Production\Desktop\QLTV\QLTVS\HandleLoadFile.h(36,58):
  this argument is used as a buffer size
  
C:\Users\tle297\OneDrive - DXC Production\Desktop\QLTV\QLTVS\HandleLoadFile.h(36,58): warning C4477: 'fscanf_s' : format string '%[^|]' requires an argument of type 'unsigned int', but variadic argument 5 has type 'size_t'
  (compiling source file 'QLTVS.cpp')
  C:\Users\tle297\OneDrive - DXC Production\Desktop\QLTV\QLTVS\HandleLoadFile.h(36,58):
  this argument is used as a buffer size
  
C:\Users\tle297\OneDrive - DXC Production\Desktop\QLTV\QLTVS\HandleLoadFile.h(36,58): warning C4477: 'fscanf_s' : format string '%[^|]' requires an argument of type 'unsigned int', but variadic argument 10 has type 'size_t'
  (compiling source file 'QLTVS.cpp')
  C:\Users\tle297\OneDrive - DXC Production\Desktop\QLTV\QLTVS\HandleLoadFile.h(36,58):
  this argument is used as a buffer size
  
C:\Users\tle297\OneDrive - DXC Production\Desktop\QLTV\QLTVS\HandleLoadFile.h(36,58): warning C4477: 'fscanf_s' : format string '%[^|]' requires an argument of type 'unsigned int', but variadic argument 12 has type 'size_t'
  (compiling source file 'QLTVS.cpp')
  C:\Users\tle297\OneDrive - DXC Production\Desktop\QLTV\QLTVS\HandleLoadFile.h(36,58):
  this argument is used as a buffer size
  
C:\Users\tle297\OneDrive - DXC Production\Desktop\QLTV\QLTVS\HandleLoadFile.h(36,58): warning C4477: 'fscanf_s' : format string '%[^|]' requires an argument of type 'unsigned int', but variadic argument 14 has type 'size_t'
  (compiling source file 'QLTVS.cpp')
  C:\Users\tle297\OneDrive - DXC Production\Desktop\QLTV\QLTVS\HandleLoadFile.h(36,58):
  this argument is used as a buffer size
  
C:\Users\tle297\OneDrive - DXC Production\Desktop\QLTV\QLTVS\QLTVS.cpp(175,13): warning C4566: character represented by universal-character-name '\u25D8' cannot be represented in the current code page (1252)
C:\Users\tle297\OneDrive - DXC Production\Desktop\QLTV\QLTVS\QLTVS.cpp(197,13): warning C4566: character represented by universal-character-name '\u25D8' cannot be represented in the current code page (1252)
C:\Users\tle297\OneDrive - DXC Production\Desktop\QLTV\QLTVS\QLTVS.cpp(287,13): warning C4477: 'scanf_s' : format string '%[^\n]' requires an argument of type 'unsigned int', but variadic argument 2 has type 'size_t'
  C:\Users\tle297\OneDrive - DXC Production\Desktop\QLTV\QLTVS\QLTVS.cpp(287,13):
  this argument is used as a buffer size
  
C:\Users\tle297\OneDrive - DXC Production\Desktop\QLTV\QLTVS\QLTVS.cpp(396,13): warning C4477: 'scanf_s' : format string '%[^\n]' requires an argument of type 'unsigned int', but variadic argument 2 has type 'size_t'
  C:\Users\tle297\OneDrive - DXC Production\Desktop\QLTV\QLTVS\QLTVS.cpp(396,13):
  this argument is used as a buffer size
  
C:\Users\tle297\OneDrive - DXC Production\Desktop\QLTV\QLTVS\QLTVS.cpp(421,13): warning C4477: 'scanf_s' : format string '%[^\n]' requires an argument of type 'unsigned int', but variadic argument 2 has type 'size_t'
  C:\Users\tle297\OneDrive - DXC Production\Desktop\QLTV\QLTVS\QLTVS.cpp(421,13):
  this argument is used as a buffer size
  
C:\Users\tle297\OneDrive - DXC Production\Desktop\QLTV\QLTVS\QLTVS.cpp(336,3): warning C4102: 'Lapphieumuon': unreferenced label
C:\Users\tle297\OneDrive - DXC Production\Desktop\QLTV\QLTVS\QLTVS.cpp(53,6): warning C4101: 'ngaymuon': unreferenced local variable
C:\Users\tle297\OneDrive - DXC Production\Desktop\QLTV\QLTVS\QLTVS.cpp(52,6): warning C4101: 'borrowRecordBookISBNs': unreferenced local variable
C:\Users\tle297\OneDrive - DXC Production\Desktop\QLTV\QLTVS\QLTVS.cpp(51,6): warning C4101: 'borrowRecordReaderIds': unreferenced local variable
C:\Users\tle297\OneDrive - DXC Production\Desktop\QLTV\QLTVS\QLTVS.cpp(54,6): warning C4101: 'ngaydukientra': unreferenced local variable
  QLTVS.vcxproj -> C:\Users\tle297\OneDrive - DXC Production\Desktop\QLTV\x64\Debug\QLTVS.exe
